
/home/runner/work/exp-rock-mechanics-coep/exp-rock-mechanics-coep/experiment/simulation/lib/jquery.js
  2:58     warning  'module' is not defined                                                    no-undef
  2:73     warning  'module' is not defined                                                    no-undef
  2:6324   warning  Expected a conditional expression and instead saw an assignment            no-cond-assign
  2:6580   warning  Expected a conditional expression and instead saw an assignment            no-cond-assign
  2:7011   warning  Expected a conditional expression and instead saw an assignment            no-cond-assign
  2:7270   warning  Empty block statement                                                      no-empty
  2:7839   warning  Expected a conditional expression and instead saw an assignment            no-cond-assign
  2:9709   warning  Expected a conditional expression and instead saw an assignment            no-cond-assign
  2:11311  warning  Expected a conditional expression and instead saw an assignment            no-cond-assign
  2:11887  warning  Expected a conditional expression and instead saw an assignment            no-cond-assign
  2:11925  warning  Expected a conditional expression and instead saw an assignment            no-cond-assign
  2:12343  warning  Empty block statement                                                      no-empty
  2:12906  warning  Expected a conditional expression and instead saw an assignment            no-cond-assign
  2:13218  warning  Expected a conditional expression and instead saw an assignment            no-cond-assign
  2:15046  warning  Expected a conditional expression and instead saw an assignment            no-cond-assign
  2:15317  warning  Expected a conditional expression and instead saw an assignment            no-cond-assign
  2:15517  warning  Expected a conditional expression and instead saw an assignment            no-cond-assign
  2:15893  warning  Do not access Object.prototype method 'hasOwnProperty' from target object  no-prototype-builtins
  2:16598  warning  Expected a conditional expression and instead saw an assignment            no-cond-assign
  2:18982  warning  Expected a conditional expression and instead saw an assignment            no-cond-assign
  2:19073  warning  Expected a conditional expression and instead saw an assignment            no-cond-assign
  2:19133  warning  Expected a conditional expression and instead saw an assignment            no-cond-assign
  2:20435  warning  Expected a conditional expression and instead saw an assignment            no-cond-assign
  2:21049  warning  Expected a conditional expression and instead saw an assignment            no-cond-assign
  2:21160  warning  Expected a conditional expression and instead saw an assignment            no-cond-assign
  2:23420  warning  Unnecessary escape character: \[                                           no-useless-escape
  2:23422  warning  Unnecessary escape character: \.                                           no-useless-escape
  2:30761  warning  Empty block statement                                                      no-empty
  2:31981  warning  Empty block statement                                                      no-empty
  3:7811   warning  Expected a conditional expression and instead saw an assignment            no-cond-assign
  3:7951   warning  Expected a conditional expression and instead saw an assignment            no-cond-assign
  3:8441   warning  Empty block statement                                                      no-empty
  3:11852  warning  Empty block statement                                                      no-empty
  3:14493  warning  Empty block statement                                                      no-empty
  3:24051  warning  Empty block statement                                                      no-empty
  3:26100  warning  Move function declaration to function body root                            no-inner-declarations
  3:30714  warning  Empty block statement                                                      no-empty
  4:2546   warning  Expected a conditional expression and instead saw an assignment            no-cond-assign
  4:5062   warning  Expected a conditional expression and instead saw an assignment            no-cond-assign
  4:11701  warning  Expected a conditional expression and instead saw an assignment            no-cond-assign
  4:13447  warning  Empty block statement                                                      no-empty
  4:14747  warning  Expected a conditional expression and instead saw an assignment            no-cond-assign
  4:14827  warning  Expected a conditional expression and instead saw an assignment            no-cond-assign
  4:15164  warning  Expected a conditional expression and instead saw an assignment            no-cond-assign
  4:15244  warning  Expected a conditional expression and instead saw an assignment            no-cond-assign
  4:15659  warning  Expected a conditional expression and instead saw an assignment            no-cond-assign
  4:15915  warning  Expected a conditional expression and instead saw an assignment            no-cond-assign
  4:16492  warning  Unnecessary escape character: \/                                           no-useless-escape
  4:17365  warning  Unnecessary escape character: \/                                           no-useless-escape
  4:17377  warning  Unnecessary escape character: \/                                           no-useless-escape
  4:17610  warning  Expected a conditional expression and instead saw an assignment            no-cond-assign
  4:20109  warning  Expected a conditional expression and instead saw an assignment            no-cond-assign
  4:22009  warning  Expected a conditional expression and instead saw an assignment            no-cond-assign
  4:27128  warning  Empty block statement                                                      no-empty
  4:27205  warning  Empty block statement                                                      no-empty
  5:812    warning  'define' is not defined                                                    no-undef
  5:824    warning  'define' is not defined                                                    no-undef

/home/runner/work/exp-rock-mechanics-coep/exp-rock-mechanics-coep/experiment/simulation/lib/jquery.min.js
  2:71     warning  'module' is not defined                                                    no-undef
  2:86     warning  'module' is not defined                                                    no-undef
  2:5433   warning  Unexpected control character(s) in regular expression: \x1f, \x1f          no-control-regex
  2:5916   warning  Expected a conditional expression and instead saw an assignment            no-cond-assign
  2:6170   warning  Expected a conditional expression and instead saw an assignment            no-cond-assign
  2:6614   warning  Expected a conditional expression and instead saw an assignment            no-cond-assign
  2:7404   warning  Expected a conditional expression and instead saw an assignment            no-cond-assign
  2:9497   warning  Expected a conditional expression and instead saw an assignment            no-cond-assign
  2:9807   warning  Expected a conditional expression and instead saw an assignment            no-cond-assign
  2:11608  warning  Expected a conditional expression and instead saw an assignment            no-cond-assign
  2:12183  warning  Expected a conditional expression and instead saw an assignment            no-cond-assign
  2:12221  warning  Expected a conditional expression and instead saw an assignment            no-cond-assign
  2:13234  warning  Expected a conditional expression and instead saw an assignment            no-cond-assign
  2:13546  warning  Expected a conditional expression and instead saw an assignment            no-cond-assign
  2:15374  warning  Expected a conditional expression and instead saw an assignment            no-cond-assign
  2:15645  warning  Expected a conditional expression and instead saw an assignment            no-cond-assign
  2:15843  warning  Expected a conditional expression and instead saw an assignment            no-cond-assign
  2:16217  warning  Do not access Object.prototype method 'hasOwnProperty' from target object  no-prototype-builtins
  2:16907  warning  Expected a conditional expression and instead saw an assignment            no-cond-assign
  2:18727  warning  Expected a conditional expression and instead saw an assignment            no-cond-assign
  2:18827  warning  Expected a conditional expression and instead saw an assignment            no-cond-assign
  2:18887  warning  Expected a conditional expression and instead saw an assignment            no-cond-assign
  2:19071  warning  Expected a conditional expression and instead saw an assignment            no-cond-assign
  2:20240  warning  Expected a conditional expression and instead saw an assignment            no-cond-assign
  2:21514  warning  Expected a conditional expression and instead saw an assignment            no-cond-assign
  2:21625  warning  Expected a conditional expression and instead saw an assignment            no-cond-assign
  2:23791  warning  Unnecessary escape character: \/                                           no-useless-escape
  2:33395  warning  Empty block statement                                                      no-empty
  2:37269  warning  Unnecessary escape character: \/                                           no-useless-escape
  2:38490  warning  Expected a conditional expression and instead saw an assignment            no-cond-assign
  2:38606  warning  Expected a conditional expression and instead saw an assignment            no-cond-assign
  2:39234  warning  Empty block statement                                                      no-empty
  2:46727  warning  Unnecessary escape character: \/                                           no-useless-escape
  2:49033  warning  Expected a conditional expression and instead saw an assignment            no-cond-assign
  2:50593  warning  Empty block statement                                                      no-empty
  2:58406  warning  Expected a conditional expression and instead saw an assignment            no-cond-assign
  2:59575  warning  Expected a conditional expression and instead saw an assignment            no-cond-assign
  2:65215  warning  Expected a conditional expression and instead saw an assignment            no-cond-assign
  2:66958  warning  Expected a conditional expression and instead saw an assignment            no-cond-assign
  2:67024  warning  Expected a conditional expression and instead saw an assignment            no-cond-assign
  2:67328  warning  Expected a conditional expression and instead saw an assignment            no-cond-assign
  2:67394  warning  Expected a conditional expression and instead saw an assignment            no-cond-assign
  2:67801  warning  Expected a conditional expression and instead saw an assignment            no-cond-assign
  2:68078  warning  Expected a conditional expression and instead saw an assignment            no-cond-assign
  2:73449  warning  Expected a conditional expression and instead saw an assignment            no-cond-assign
  2:75043  warning  Expected a conditional expression and instead saw an assignment            no-cond-assign
  2:75823  warning  'r.href' is assigned to itself                                             no-self-assign
  2:80414  warning  Empty block statement                                                      no-empty
  2:83525  warning  Expected a conditional expression and instead saw an assignment            no-cond-assign
  2:87869  warning  'define' is not defined                                                    no-undef
  2:87881  warning  'define' is not defined                                                    no-undef

/home/runner/work/exp-rock-mechanics-coep/exp-rock-mechanics-coep/experiment/simulation/lib/raphael.js
  5800:60  error  Parsing error: Deleting local variable in strict mode

/home/runner/work/exp-rock-mechanics-coep/exp-rock-mechanics-coep/experiment/simulation/lib/raphael.min.js
  1:66     warning  'module' is not defined                                                                                                                          no-undef
  1:112    warning  'define' is not defined                                                                                                                          no-undef
  1:123    warning  'define' is not defined                                                                                                                          no-undef
  1:161    warning  'exports' is not defined                                                                                                                         no-undef
  1:1566   warning  'DocumentTouch' is not defined                                                                                                                   no-undef
  1:2001   warning  Unnecessary escape character: \.                                                                                                                 no-useless-escape
  1:2017   warning  Unnecessary escape character: \.                                                                                                                 no-useless-escape
  1:2033   warning  Unnecessary escape character: \.                                                                                                                 no-useless-escape
  1:2052   warning  Unnecessary escape character: \.                                                                                                                 no-useless-escape
  1:2081   warning  Unnecessary escape character: \.                                                                                                                 no-useless-escape
  1:2110   warning  Unnecessary escape character: \.                                                                                                                 no-useless-escape
  1:2126   warning  Unnecessary escape character: \.                                                                                                                 no-useless-escape
  1:2145   warning  Unnecessary escape character: \.                                                                                                                 no-useless-escape
  1:2174   warning  Unnecessary escape character: \.                                                                                                                 no-useless-escape
  1:2203   warning  Unnecessary escape character: \.                                                                                                                 no-useless-escape
  1:2219   warning  Unnecessary escape character: \.                                                                                                                 no-useless-escape
  1:2238   warning  Unnecessary escape character: \.                                                                                                                 no-useless-escape
  1:2346   warning  Unnecessary escape character: \)                                                                                                                 no-useless-escape
  1:3257   warning  Unexpected control character(s) in regular expression: \x09, \x0a, \x0b, \x0c, \x0d, \x09, \x0a, \x0b, \x0c, \x0d                                no-control-regex
  1:3582   warning  Unexpected control character(s) in regular expression: \x09, \x0a, \x0b, \x0c, \x0d, \x09, \x0a, \x0b, \x0c, \x0d, \x09, \x0a, \x0b, \x0c, \x0d  no-control-regex
  1:3756   warning  Unnecessary escape character: \-                                                                                                                 no-useless-escape
  1:4055   warning  Unexpected control character(s) in regular expression: \x09, \x0a, \x0b, \x0c, \x0d, \x09, \x0a, \x0b, \x0c, \x0d, \x09, \x0a, \x0b, \x0c, \x0d  no-control-regex
  1:4222   warning  Unnecessary escape character: \-                                                                                                                 no-useless-escape
  1:4521   warning  Unexpected control character(s) in regular expression: \x09, \x0a, \x0b, \x0c, \x0d, \x09, \x0a, \x0b, \x0c, \x0d                                no-control-regex
  1:4539   warning  Unnecessary escape character: \-                                                                                                                 no-useless-escape
  1:4856   warning  Unexpected control character(s) in regular expression: \x09, \x0a, \x0b, \x0c, \x0d, \x09, \x0a, \x0b, \x0c, \x0d                                no-control-regex
  1:5154   warning  Unnecessary escape character: \)                                                                                                                 no-useless-escape
  1:7857   warning  'ActiveXObject' is not defined                                                                                                                   no-undef
  1:7931   warning  'createPopup' is not defined                                                                                                                     no-undef
  1:19015  warning  Expected a 'break' statement before 'default'                                                                                                    no-fallthrough
  1:20113  warning  Expected a 'break' statement before 'default'                                                                                                    no-fallthrough
  1:20421  warning  Expected a 'break' statement before 'default'                                                                                                    no-fallthrough
  1:24342  warning  Unnecessary escape character: \.                                                                                                                 no-useless-escape
  1:35757  warning  't' is defined but never used                                                                                                                    no-unused-vars
  1:49075  warning  'r' is defined but never used                                                                                                                    no-unused-vars
  1:50549  warning  'i' is defined but never used                                                                                                                    no-unused-vars
  1:50598  warning  'r' is defined but never used                                                                                                                    no-unused-vars
  1:52666  warning  Unnecessary escape character: \}                                                                                                                 no-useless-escape
  1:53074  warning  Empty block statement                                                                                                                            no-empty
  1:53754  warning  Unnecessary escape character: \)                                                                                                                 no-useless-escape
  1:60967  warning  Unnecessary escape character: \-                                                                                                                 no-useless-escape
  1:72245  warning  Unnecessary escape character: \-                                                                                                                 no-useless-escape
  1:72515  warning  Unnecessary escape character: \(                                                                                                                 no-useless-escape
  1:72517  warning  Unnecessary escape character: \)                                                                                                                 no-useless-escape
  1:75570  warning  Expected a conditional expression and instead saw an assignment                                                                                  no-cond-assign
  1:77369  warning  Expected a 'break' statement before 'case'                                                                                                       no-fallthrough
  1:77405  warning  Expected a 'break' statement before 'case'                                                                                                       no-fallthrough
  1:77447  warning  Expected a 'break' statement before 'case'                                                                                                       no-fallthrough
  1:77582  warning  Expected a 'break' statement before 'case'                                                                                                       no-fallthrough
  1:77619  warning  Expected a 'break' statement before 'case'                                                                                                       no-fallthrough
  1:77661  warning  Expected a 'break' statement before 'case'                                                                                                       no-fallthrough
  1:79325  warning  Expected a 'break' statement before 'case'                                                                                                       no-fallthrough
  1:79783  warning  Expected a 'break' statement before 'case'                                                                                                       no-fallthrough
  1:79973  warning  Expected a 'break' statement before 'default'                                                                                                    no-fallthrough
  1:80032  warning  Unnecessary escape character: \-                                                                                                                 no-useless-escape
  1:89485  warning  'r' is defined but never used                                                                                                                    no-unused-vars
  1:89543  warning  Unnecessary escape character: \.                                                                                                                 no-useless-escape
  1:89545  warning  Unnecessary escape character: \/                                                                                                                 no-useless-escape
  1:90733  warning  Unnecessary escape character: \.                                                                                                                 no-useless-escape
  1:90735  warning  Unnecessary escape character: \^                                                                                                                 no-useless-escape
  1:90739  warning  Unnecessary escape character: \[                                                                                                                 no-useless-escape
  1:90741  warning  Unnecessary escape character: \-                                                                                                                 no-useless-escape
  1:90780  warning  Unnecessary escape character: \.                                                                                                                 no-useless-escape
  1:90782  warning  Unnecessary escape character: \/                                                                                                                 no-useless-escape
  1:91000  warning  Do not access Object.prototype method 'hasOwnProperty' from target object                                                                        no-prototype-builtins

/home/runner/work/exp-rock-mechanics-coep/exp-rock-mechanics-coep/experiment/simulation/src/bootstrap.min.js
  6:99     warning  't' is defined but never used                                              no-unused-vars
  6:121    warning  'jQuery' is not defined                                                    no-undef
  6:1063   warning  'jQuery' is not defined                                                    no-undef
  6:2025   warning  'jQuery' is not defined                                                    no-undef
  6:3973   warning  'jQuery' is not defined                                                    no-undef
  6:8061   warning  'jQuery' is not defined                                                    no-undef
  6:11443  warning  'jQuery' is not defined                                                    no-undef
  6:13818  warning  'jQuery' is not defined                                                    no-undef
  6:20192  warning  'jQuery' is not defined                                                    no-undef
  6:23482  warning  Do not access Object.prototype method 'hasOwnProperty' from target object  no-prototype-builtins
  6:31057  warning  'jQuery' is not defined                                                    no-undef
  6:32796  warning  'jQuery' is not defined                                                    no-undef
  6:35218  warning  'jQuery' is not defined                                                    no-undef
  6:37052  warning  'jQuery' is not defined                                                    no-undef
  6:39546  warning  'jQuery' is not defined                                                    no-undef

/home/runner/work/exp-rock-mechanics-coep/exp-rock-mechanics-coep/experiment/simulation/src/coreJson.js
   1:1   warning  'tempMasterJson' is not defined                        no-undef
   3:6   warning  'fluxDensityValue' is assigned a value but never used  no-unused-vars
   4:1   warning  'masterJson' is not defined                            no-undef
   7:1   warning  'coreSet' is not defined                               no-undef
   9:1   warning  'masterJson' is not defined                            no-undef
  13:12  warning  'coreSet' is not defined                               no-undef
  19:20  warning  'masterJson' is not defined                            no-undef
  21:1   warning  'coreSet' is not defined                               no-undef
  23:1   warning  'masterJson' is not defined                            no-undef
  27:12  warning  'coreSet' is not defined                               no-undef
  33:20  warning  'masterJson' is not defined                            no-undef
  35:1   warning  'coreSet' is not defined                               no-undef
  37:1   warning  'masterJson' is not defined                            no-undef
  41:12  warning  'coreSet' is not defined                               no-undef
  47:20  warning  'masterJson' is not defined                            no-undef
  51:1   warning  'coreSet' is not defined                               no-undef
  53:1   warning  'masterJson' is not defined                            no-undef
  57:12  warning  'coreSet' is not defined                               no-undef
  63:20  warning  'masterJson' is not defined                            no-undef
  65:1   warning  'coreSet' is not defined                               no-undef
  67:1   warning  'masterJson' is not defined                            no-undef
  71:12  warning  'coreSet' is not defined                               no-undef
  77:20  warning  'masterJson' is not defined                            no-undef

/home/runner/work/exp-rock-mechanics-coep/exp-rock-mechanics-coep/experiment/simulation/src/mainPage.js
    3:1   warning  'finalJson2' is not defined           no-undef
    4:10  warning  'mainPage' is defined but never used  no-unused-vars
    7:1   warning  '$' is not defined                    no-undef
    9:1   warning  '$' is not defined                    no-undef
   10:1   warning  '$' is not defined                    no-undef
   11:2   warning  'mimic' is not defined                no-undef
   12:2   warning  'coreNo' is not defined               no-undef
   12:18  warning  '$' is not defined                    no-undef
   14:14  warning  'masterJson' is not defined           no-undef
   15:2   warning  'htm' is not defined                  no-undef
   17:17  warning  'masterJsonArr' is not defined        no-undef
   20:4   warning  Mixed spaces and tabs                 no-mixed-spaces-and-tabs
   21:4   warning  Mixed spaces and tabs                 no-mixed-spaces-and-tabs
   22:7   warning  'htm' is not defined                  no-undef
   22:81  warning  'masterJsonArr' is not defined        no-undef
   23:47  warning  'masterJsonArr' is not defined        no-undef
   24:4   warning  Mixed spaces and tabs                 no-mixed-spaces-and-tabs
   27:5   warning  'htm' is not defined                  no-undef
   34:2   warning  Mixed spaces and tabs                 no-mixed-spaces-and-tabs
   35:1   warning  Mixed spaces and tabs                 no-mixed-spaces-and-tabs
   36:1   warning  Mixed spaces and tabs                 no-mixed-spaces-and-tabs
   37:1   warning  Mixed spaces and tabs                 no-mixed-spaces-and-tabs
   38:1   warning  Mixed spaces and tabs                 no-mixed-spaces-and-tabs
   39:1   warning  Mixed spaces and tabs                 no-mixed-spaces-and-tabs
   40:1   warning  Mixed spaces and tabs                 no-mixed-spaces-and-tabs
   41:1   warning  Mixed spaces and tabs                 no-mixed-spaces-and-tabs
   42:1   warning  Mixed spaces and tabs                 no-mixed-spaces-and-tabs
   43:1   warning  Mixed spaces and tabs                 no-mixed-spaces-and-tabs
   44:1   warning  Mixed spaces and tabs                 no-mixed-spaces-and-tabs
   57:1   warning  Mixed spaces and tabs                 no-mixed-spaces-and-tabs
   58:1   warning  Mixed spaces and tabs                 no-mixed-spaces-and-tabs
   59:1   warning  Mixed spaces and tabs                 no-mixed-spaces-and-tabs
   60:1   warning  Mixed spaces and tabs                 no-mixed-spaces-and-tabs
   61:1   warning  Mixed spaces and tabs                 no-mixed-spaces-and-tabs
   62:1   warning  Mixed spaces and tabs                 no-mixed-spaces-and-tabs
   63:1   warning  Mixed spaces and tabs                 no-mixed-spaces-and-tabs
   64:1   warning  Mixed spaces and tabs                 no-mixed-spaces-and-tabs
   65:1   warning  Mixed spaces and tabs                 no-mixed-spaces-and-tabs
   74:2   warning  Mixed spaces and tabs                 no-mixed-spaces-and-tabs
   94:2   warning  Mixed spaces and tabs                 no-mixed-spaces-and-tabs
   96:3   warning  '$' is not defined                    no-undef
   96:25  warning  'htm' is not defined                  no-undef
  101:3   warning  '$' is not defined                    no-undef
  105:3   warning  '$' is not defined                    no-undef
  109:3   warning  '$' is not defined                    no-undef
  113:3   warning  '$' is not defined                    no-undef
  117:3   warning  '$' is not defined                    no-undef
  132:2   warning  '$' is not defined                    no-undef
  133:3   warning  '$' is not defined                    no-undef
  135:2   warning  Mixed spaces and tabs                 no-mixed-spaces-and-tabs
  135:9   warning  'flow' is not defined                 no-undef
  135:16  warning  '$' is not defined                    no-undef
  136:2   warning  Mixed spaces and tabs                 no-mixed-spaces-and-tabs
  137:2   warning  Mixed spaces and tabs                 no-mixed-spaces-and-tabs
  137:9   warning  'rountofAns' is not defined           no-undef
  137:21  warning  'masterJsonArr' is not defined        no-undef
  137:35  warning  'coreNo' is not defined               no-undef
  138:3   warning  Mixed spaces and tabs                 no-mixed-spaces-and-tabs
  138:9   warning  'flow' is not defined                 no-undef
  139:4   warning  Mixed spaces and tabs                 no-mixed-spaces-and-tabs
  139:8   warning  '$' is not defined                    no-undef
  144:11  warning  'rountofAns' is not defined           no-undef
  144:25  warning  'flow' is not defined                 no-undef
  146:8   warning  '$' is not defined                    no-undef
  148:7   warning  Mixed spaces and tabs                 no-mixed-spaces-and-tabs
  148:9   warning  '$' is not defined                    no-undef
  149:8   warning  '$' is not defined                    no-undef
  152:18  warning  'rountofAns' is not defined           no-undef
  152:32  warning  'flow' is not defined                 no-undef
  153:7   warning  Mixed spaces and tabs                 no-mixed-spaces-and-tabs
  153:9   warning  '$' is not defined                    no-undef
  155:7   warning  '$' is not defined                    no-undef
  161:6   warning  Mixed spaces and tabs                 no-mixed-spaces-and-tabs
  161:8   warning  '$' is not defined                    no-undef
  163:7   warning  '$' is not defined                    no-undef
  167:7   warning  'flow' is not defined                 no-undef
  167:14  warning  '$' is not defined                    no-undef
  169:11  warning  'rountofAns' is not defined           no-undef
  169:25  warning  'flow' is not defined                 no-undef
  174:7   warning  Mixed spaces and tabs                 no-mixed-spaces-and-tabs
  174:9   warning  '$' is not defined                    no-undef
  175:8   warning  '$' is not defined                    no-undef
  176:8   warning  '$' is not defined                    no-undef
  181:7   warning  Mixed spaces and tabs                 no-mixed-spaces-and-tabs
  181:9   warning  '$' is not defined                    no-undef
  182:8   warning  '$' is not defined                    no-undef
  182:76  warning  'rountofAns' is not defined           no-undef
  188:2   warning  Mixed spaces and tabs                 no-mixed-spaces-and-tabs
  189:2   warning  '$' is not defined                    no-undef
  191:3   warning  Mixed spaces and tabs                 no-mixed-spaces-and-tabs
  191:17  warning  'descriptionValue' is not defined     no-undef
  191:34  warning  '$' is not defined                    no-undef
  192:4   warning  Mixed spaces and tabs                 no-mixed-spaces-and-tabs
  192:11  warning  'masterJsonArr' is not defined        no-undef
  192:25  warning  'coreNo' is not defined               no-undef
  192:48  warning  'descriptionValue' is not defined     no-undef
  193:4   warning  Mixed spaces and tabs                 no-mixed-spaces-and-tabs
  194:4   warning  Mixed spaces and tabs                 no-mixed-spaces-and-tabs
  194:9   warning  '$' is not defined                    no-undef
  195:4   warning  Mixed spaces and tabs                 no-mixed-spaces-and-tabs
  195:9   warning  '$' is not defined                    no-undef
  196:4   warning  Mixed spaces and tabs                 no-mixed-spaces-and-tabs
  197:4   warning  Mixed spaces and tabs                 no-mixed-spaces-and-tabs
  197:9   warning  'coreType' is not defined             no-undef
  197:18  warning  '$' is not defined                    no-undef
  198:7   warning  Mixed spaces and tabs                 no-mixed-spaces-and-tabs
  198:11  warning  '$' is not defined                    no-undef
  198:36  warning  'coreType' is not defined             no-undef
  199:7   warning  Mixed spaces and tabs                 no-mixed-spaces-and-tabs
  199:11  warning  'FinalJson' is not defined            no-undef
  200:7   warning  Mixed spaces and tabs                 no-mixed-spaces-and-tabs
  201:9   warning  Mixed spaces and tabs                 no-mixed-spaces-and-tabs
  201:13  warning  'FinalJson' is not defined            no-undef
  202:9   warning  Mixed spaces and tabs                 no-mixed-spaces-and-tabs
  202:13  warning  'FinalJson' is not defined            no-undef
  202:27  warning  'rountofAns' is not defined           no-undef
  203:9   warning  Mixed spaces and tabs                 no-mixed-spaces-and-tabs
  203:13  warning  'FinalJson' is not defined            no-undef
  203:35  warning  'descriptionValue' is not defined     no-undef
  205:7   warning  Mixed spaces and tabs                 no-mixed-spaces-and-tabs
  207:7   warning  Mixed spaces and tabs                 no-mixed-spaces-and-tabs
  207:29  warning  'FinalJson' is not defined            no-undef
  208:7   warning  Mixed spaces and tabs                 no-mixed-spaces-and-tabs
  208:11  warning  'finalJson2' is not defined           no-undef
  210:7   warning  Mixed spaces and tabs                 no-mixed-spaces-and-tabs
  211:7   warning  Mixed spaces and tabs                 no-mixed-spaces-and-tabs
  211:11  warning  'tableCreate' is not defined          no-undef
  211:36  warning  'coreNo' is not defined               no-undef
  212:4   warning  Mixed spaces and tabs                 no-mixed-spaces-and-tabs
  213:4   warning  Mixed spaces and tabs                 no-mixed-spaces-and-tabs
  214:4   warning  Mixed spaces and tabs                 no-mixed-spaces-and-tabs
  215:4   warning  Mixed spaces and tabs                 no-mixed-spaces-and-tabs
  215:9   warning  '$' is not defined                    no-undef
  216:4   warning  Mixed spaces and tabs                 no-mixed-spaces-and-tabs
  224:1   warning  '$' is not defined                    no-undef
  225:2   warning  '$' is not defined                    no-undef
  226:2   warning  '$' is not defined                    no-undef
  227:2   warning  'htm' is not defined                  no-undef
  230:2   warning  Mixed spaces and tabs                 no-mixed-spaces-and-tabs
  231:2   warning  Mixed spaces and tabs                 no-mixed-spaces-and-tabs
  283:6   warning  '$' is not defined                    no-undef
  283:28  warning  'htm' is not defined                  no-undef

/home/runner/work/exp-rock-mechanics-coep/exp-rock-mechanics-coep/experiment/simulation/src/mimic.js
   2:10  warning  'mimic' is defined but never used           no-unused-vars
   3:2   warning  '$' is not defined                          no-undef
   7:7   warning  'y' is not defined                          no-undef
   8:13  warning  '$' is not defined                          no-undef
  10:5   warning  '$' is not defined                          no-undef
  11:2   warning  'width' is assigned a value but never used  no-unused-vars
  11:10  warning  '$' is not defined                          no-undef
  12:2   warning  'paper' is not defined                      no-undef
  12:14  warning  'Raphael' is not defined                    no-undef
  13:2   warning  'paper' is not defined                      no-undef
  14:2   warning  'paper' is not defined                      no-undef
  16:2   warning  'paper' is not defined                      no-undef
  16:14  warning  'Raphael' is not defined                    no-undef
  17:2   warning  'paper' is not defined                      no-undef
  18:2   warning  'paper' is not defined                      no-undef
  22:20  warning  '$' is not defined                          no-undef
  23:13  warning  'paper' is not defined                      no-undef
  23:52  warning  'y' is not defined                          no-undef
  27:7   warning  'rImg2' is assigned a value but never used  no-unused-vars
  27:13  warning  'paper' is not defined                      no-undef
  27:59  warning  'y' is not defined                          no-undef
  28:13  warning  'paper' is not defined                      no-undef
  28:60  warning  'y' is not defined                          no-undef
  29:13  warning  'paper' is not defined                      no-undef
  29:49  warning  'y' is not defined                          no-undef
  34:20  warning  'paper' is not defined                      no-undef
  34:73  warning  'y' is not defined                          no-undef
  35:20  warning  'paper' is not defined                      no-undef
  35:74  warning  'y' is not defined                          no-undef
  39:17  warning  'paper' is not defined                      no-undef
  39:60  warning  'y' is not defined                          no-undef
  40:17  warning  'paper' is not defined                      no-undef
  40:61  warning  'y' is not defined                          no-undef
  44:18  warning  'paper' is not defined                      no-undef
  44:60  warning  'y' is not defined                          no-undef
  45:18  warning  'paper' is not defined                      no-undef
  45:61  warning  'y' is not defined                          no-undef
  50:17  warning  'paper' is not defined                      no-undef
  50:65  warning  'y' is not defined                          no-undef
  51:17  warning  'paper' is not defined                      no-undef
  51:65  warning  'y' is not defined                          no-undef
  52:17  warning  'paper' is not defined                      no-undef
  52:64  warning  'y' is not defined                          no-undef
  58:3   warning  '$' is not defined                          no-undef
  59:3   warning  '$' is not defined                          no-undef
  61:24  warning  'Raphael' is not defined                    no-undef
  61:92  warning  'y' is not defined                          no-undef
  63:24  warning  'Raphael' is not defined                    no-undef
  63:91  warning  'y' is not defined                          no-undef
  66:14  warning  'Raphael' is not defined                    no-undef
  66:80  warning  'y' is not defined                          no-undef
  69:14  warning  'Raphael' is not defined                    no-undef
  69:82  warning  'y' is not defined                          no-undef
  74:27  warning  'Raphael' is not defined                    no-undef
  74:94  warning  'y' is not defined                          no-undef
  77:27  warning  'Raphael' is not defined                    no-undef
  77:95  warning  'y' is not defined                          no-undef
  82:15  warning  'Raphael' is not defined                    no-undef
  82:82  warning  'y' is not defined                          no-undef
  85:15  warning  'Raphael' is not defined                    no-undef
  85:83  warning  'y' is not defined                          no-undef
  90:28  warning  'Raphael' is not defined                    no-undef
  90:96  warning  'y' is not defined                          no-undef
  93:28  warning  'Raphael' is not defined                    no-undef
  93:96  warning  'y' is not defined                          no-undef
  96:28  warning  'Raphael' is not defined                    no-undef
  96:95  warning  'y' is not defined                          no-undef

/home/runner/work/exp-rock-mechanics-coep/exp-rock-mechanics-coep/experiment/simulation/src/questionJson.js
  3:1  warning  'QuestionsJSON' is not defined  no-undef

/home/runner/work/exp-rock-mechanics-coep/exp-rock-mechanics-coep/experiment/simulation/src/questions.js
    1:1   warning  '$' is not defined              no-undef
    6:4   warning  'data' is not defined           no-undef
    7:4   warning  'dataQues' is not defined       no-undef
   13:24  warning  'QuestionsJSON' is not defined  no-undef
   15:25  warning  'QuestionsJSON' is not defined  no-undef
   21:9   warning  'QuestionsJSON' is not defined  no-undef
   24:26  warning  'QuestionsJSON' is not defined  no-undef
   29:86  warning  'QuestionsJSON' is not defined  no-undef
   31:10  warning  'QuestionsJSON' is not defined  no-undef
   34:10  warning  'QuestionsJSON' is not defined  no-undef
   46:2   warning  Mixed spaces and tabs           no-mixed-spaces-and-tabs
   47:3   warning  Mixed spaces and tabs           no-mixed-spaces-and-tabs
   75:4   warning  '$' is not defined              no-undef
   77:4   warning  '$' is not defined              no-undef
   78:5   warning  '$' is not defined              no-undef
   82:26  warning  'QuestionsJSON' is not defined  no-undef
   84:17  warning  '$' is not defined              no-undef
   87:19  warning  '$' is not defined              no-undef
   90:17  warning  '$' is not defined              no-undef
   97:8   warning  '$' is not defined              no-undef
   98:8   warning  '$' is not defined              no-undef
   99:8   warning  '$' is not defined              no-undef
  100:8   warning  '$' is not defined              no-undef
  101:8   warning  '$' is not defined              no-undef
  115:16  warning  'i' is already defined          no-redeclare
  120:7   warning  'dataQues' is not defined       no-undef
  121:6   warning  Mixed spaces and tabs           no-mixed-spaces-and-tabs
  121:8   warning  'data' is not defined           no-undef
  121:23  warning  'dataQues' is not defined       no-undef
  122:6   warning  Mixed spaces and tabs           no-mixed-spaces-and-tabs
  122:20  warning  'data' is not defined           no-undef
  123:6   warning  Mixed spaces and tabs           no-mixed-spaces-and-tabs
  123:8   warning  '$' is not defined              no-undef
  124:1   warning  Mixed spaces and tabs           no-mixed-spaces-and-tabs
  124:23  warning  '$' is not defined              no-undef
  125:4   warning  Mixed spaces and tabs           no-mixed-spaces-and-tabs
  125:14  warning  '$' is not defined              no-undef
  126:6   warning  Mixed spaces and tabs           no-mixed-spaces-and-tabs
  126:8   warning  '$' is not defined              no-undef
  128:26  warning  '$' is not defined              no-undef
  129:6   warning  Mixed spaces and tabs           no-mixed-spaces-and-tabs
  130:6   warning  Mixed spaces and tabs           no-mixed-spaces-and-tabs
  130:11  warning  '$' is not defined              no-undef
  132:2   warning  Mixed spaces and tabs           no-mixed-spaces-and-tabs
  135:6   warning  '$' is not defined              no-undef
  136:6   warning  Mixed spaces and tabs           no-mixed-spaces-and-tabs
  137:5   warning  Mixed spaces and tabs           no-mixed-spaces-and-tabs
  138:5   warning  Mixed spaces and tabs           no-mixed-spaces-and-tabs
  140:5   warning  Mixed spaces and tabs           no-mixed-spaces-and-tabs
  140:13  warning  '$' is not defined              no-undef
  141:5   warning  Mixed spaces and tabs           no-mixed-spaces-and-tabs
  141:13  warning  '$' is not defined              no-undef
  142:5   warning  Mixed spaces and tabs           no-mixed-spaces-and-tabs
  142:13  warning  'mainPage' is not defined       no-undef
  144:6   warning  Mixed spaces and tabs           no-mixed-spaces-and-tabs

/home/runner/work/exp-rock-mechanics-coep/exp-rock-mechanics-coep/experiment/simulation/src/refTable.js
   2:10  warning  'referenceTable' is defined but never used  no-unused-vars
   4:2   warning  'tableModel' is not defined                 no-undef
   7:2   warning  'tableModel' is not defined                 no-undef
  75:1   warning  Mixed spaces and tabs                       no-mixed-spaces-and-tabs
  75:4   warning  '$' is not defined                          no-undef
  75:26  warning  'tableModel' is not defined                 no-undef

/home/runner/work/exp-rock-mechanics-coep/exp-rock-mechanics-coep/experiment/simulation/src/table.js
   2:10  warning  'tableCreate' is defined but never used  no-unused-vars
   4:2   warning  '$' is not defined                       no-undef
   9:4   warning  Mixed spaces and tabs                    no-mixed-spaces-and-tabs
  28:6   warning  Mixed spaces and tabs                    no-mixed-spaces-and-tabs
  29:6   warning  Mixed spaces and tabs                    no-mixed-spaces-and-tabs
  32:5   warning  Mixed spaces and tabs                    no-mixed-spaces-and-tabs
  33:5   warning  Mixed spaces and tabs                    no-mixed-spaces-and-tabs
  37:5   warning  Mixed spaces and tabs                    no-mixed-spaces-and-tabs
  38:5   warning  Mixed spaces and tabs                    no-mixed-spaces-and-tabs
  39:5   warning  Mixed spaces and tabs                    no-mixed-spaces-and-tabs
  40:6   warning  Mixed spaces and tabs                    no-mixed-spaces-and-tabs
  41:5   warning  Mixed spaces and tabs                    no-mixed-spaces-and-tabs
  42:5   warning  Mixed spaces and tabs                    no-mixed-spaces-and-tabs
  43:6   warning  Mixed spaces and tabs                    no-mixed-spaces-and-tabs
  44:6   warning  Mixed spaces and tabs                    no-mixed-spaces-and-tabs
  44:8   warning  '$' is not defined                       no-undef
  45:6   warning  Mixed spaces and tabs                    no-mixed-spaces-and-tabs
  45:8   warning  'htm' is not defined                     no-undef
  46:7   warning  Mixed spaces and tabs                    no-mixed-spaces-and-tabs
  46:9   warning  '$' is not defined                       no-undef
  46:29  warning  'htm' is not defined                     no-undef
  47:6   warning  Mixed spaces and tabs                    no-mixed-spaces-and-tabs
  47:8   warning  '$' is not defined                       no-undef
  48:6   warning  Mixed spaces and tabs                    no-mixed-spaces-and-tabs
  48:8   warning  '$' is not defined                       no-undef
  49:6   warning  Mixed spaces and tabs                    no-mixed-spaces-and-tabs
  49:22  warning  'cron' is not defined                    no-undef
  50:6   warning  Mixed spaces and tabs                    no-mixed-spaces-and-tabs
  50:8   warning  '$' is not defined                       no-undef
  51:6   warning  Mixed spaces and tabs                    no-mixed-spaces-and-tabs
  52:6   warning  Mixed spaces and tabs                    no-mixed-spaces-and-tabs
  54:4   warning  'htm' is not defined                     no-undef
  55:5   warning  Mixed spaces and tabs                    no-mixed-spaces-and-tabs
  57:5   warning  '$' is not defined                       no-undef
  59:5   warning  '$' is not defined                       no-undef
  60:6   warning  '$' is not defined                       no-undef
  61:6   warning  '$' is not defined                       no-undef

/home/runner/work/exp-rock-mechanics-coep/exp-rock-mechanics-coep/experiment/simulation/src/timer.js
   9:5  warning  'cron' is assigned a value but never used  no-unused-vars
  15:1  warning  '$' is not defined                         no-undef

 522 problems (1 error, 521 warnings)

